<?xml version="1.0" encoding="UTF-8"?>
<testsuite name="com.keunwon.book.springboot.web.dto.HelloResponseDtoTest" tests="1" skipped="0" failures="0" errors="0" timestamp="2019-12-31T15:29:57" hostname="Macbookui-MacBook-Pro.local" time="0.039">
  <properties/>
  <testcase name="롬복_기능_테스츠" classname="com.keunwon.book.springboot.web.dto.HelloResponseDtoTest" time="0.039"/>
  <system-out><![CDATA[]]></system-out>
  <system-err><![CDATA[]]></system-err>
</testsuite>
