<?xml version="1.0" encoding="UTF-8"?>
<testsuite name="com.keunwon.book.springboot.web.IndexControllerTest" tests="1" skipped="0" failures="0" errors="0" timestamp="2019-12-31T15:30:04" hostname="Macbookui-MacBook-Pro.local" time="0.214">
  <properties/>
  <testcase name="메인페이지_로딩" classname="com.keunwon.book.springboot.web.IndexControllerTest" time="0.214"/>
  <system-out><![CDATA[2020-01-01 00:30:00.139  INFO 38256 --- [    Test worker] .b.t.c.SpringBootTestContextBootstrapper : Neither @ContextConfiguration nor @ContextHierarchy found for test class [com.keunwon.book.springboot.web.IndexControllerTest], using SpringBootContextLoader
2020-01-01 00:30:00.140  INFO 38256 --- [    Test worker] o.s.t.c.support.AbstractContextLoader    : Could not detect default resource locations for test class [com.keunwon.book.springboot.web.IndexControllerTest]: no resource found for suffixes {-context.xml, Context.groovy}.
2020-01-01 00:30:00.140  INFO 38256 --- [    Test worker] t.c.s.AnnotationConfigContextLoaderUtils : Could not detect default configuration classes for test class [com.keunwon.book.springboot.web.IndexControllerTest]: IndexControllerTest does not declare any static, non-private, non-final, nested classes annotated with @Configuration.
2020-01-01 00:30:00.142  INFO 38256 --- [    Test worker] .b.t.c.SpringBootTestContextBootstrapper : Found @SpringBootConfiguration com.keunwon.book.springboot.Application for test class com.keunwon.book.springboot.web.IndexControllerTest
2020-01-01 00:30:00.144  INFO 38256 --- [    Test worker] .b.t.c.SpringBootTestContextBootstrapper : Loaded default TestExecutionListener class names from location [META-INF/spring.factories]: [org.springframework.security.test.context.support.WithSecurityContextTestExecutionListener, org.springframework.security.test.context.support.ReactorContextTestExecutionListener, org.springframework.boot.test.autoconfigure.restdocs.RestDocsTestExecutionListener, org.springframework.boot.test.autoconfigure.web.client.MockRestServiceServerResetTestExecutionListener, org.springframework.boot.test.autoconfigure.web.servlet.MockMvcPrintOnlyOnFailureTestExecutionListener, org.springframework.boot.test.autoconfigure.web.servlet.WebDriverTestExecutionListener, org.springframework.boot.test.mock.mockito.MockitoTestExecutionListener, org.springframework.boot.test.mock.mockito.ResetMocksTestExecutionListener, org.springframework.test.context.web.ServletTestExecutionListener, org.springframework.test.context.support.DirtiesContextBeforeModesTestExecutionListener, org.springframework.test.context.support.DependencyInjectionTestExecutionListener, org.springframework.test.context.support.DirtiesContextTestExecutionListener, org.springframework.test.context.transaction.TransactionalTestExecutionListener, org.springframework.test.context.jdbc.SqlScriptsTestExecutionListener]
2020-01-01 00:30:00.145  INFO 38256 --- [    Test worker] .b.t.c.SpringBootTestContextBootstrapper : Using TestExecutionListeners: [org.springframework.test.context.web.ServletTestExecutionListener@5b9d8172, org.springframework.test.context.support.DirtiesContextBeforeModesTestExecutionListener@2eb934c6, org.springframework.boot.test.mock.mockito.MockitoTestExecutionListener@50ed8f16, org.springframework.boot.test.autoconfigure.SpringBootDependencyInjectionTestExecutionListener@933e242, org.springframework.test.context.support.DirtiesContextTestExecutionListener@3e127407, org.springframework.test.context.transaction.TransactionalTestExecutionListener@596a6807, org.springframework.test.context.jdbc.SqlScriptsTestExecutionListener@65c3c903, org.springframework.security.test.context.support.WithSecurityContextTestExecutionListener@73f4160b, org.springframework.security.test.context.support.ReactorContextTestExecutionListener@5eebe63e, org.springframework.boot.test.autoconfigure.restdocs.RestDocsTestExecutionListener@54cb87b4, org.springframework.boot.test.autoconfigure.web.client.MockRestServiceServerResetTestExecutionListener@2f3bc7ff, org.springframework.boot.test.autoconfigure.web.servlet.MockMvcPrintOnlyOnFailureTestExecutionListener@7cacd85d, org.springframework.boot.test.autoconfigure.web.servlet.WebDriverTestExecutionListener@7df71be0, org.springframework.boot.test.mock.mockito.ResetMocksTestExecutionListener@7589d5cd]

  .   ____          _            __ _ _
 /\\ / ___'_ __ _ _(_)_ __  __ _ \ \ \ \
( ( )\___ | '_ | '_| | '_ \/ _` | \ \ \ \
 \\/  ___)| |_)| | | | | || (_| |  ) ) ) )
  '  |____| .__|_| |_|_| |_\__, | / / / /
 =========|_|==============|___/=/_/_/_/
 :: Spring Boot ::        (v2.1.7.RELEASE)

2020-01-01 00:30:00.179  INFO 38256 --- [    Test worker] c.k.b.s.web.IndexControllerTest          : Starting IndexControllerTest on Macbookui-MacBook-Pro.local with PID 38256 (started by developer in /Users/developer/IdeaProjects/springboot2-webservice)
2020-01-01 00:30:00.180  INFO 38256 --- [    Test worker] c.k.b.s.web.IndexControllerTest          : No active profile set, falling back to default profiles: default
2020-01-01 00:30:00.500  INFO 38256 --- [    Test worker] .s.d.r.c.RepositoryConfigurationDelegate : Bootstrapping Spring Data repositories in DEFAULT mode.
2020-01-01 00:30:00.559  INFO 38256 --- [    Test worker] .s.d.r.c.RepositoryConfigurationDelegate : Finished Spring Data repository scanning in 51ms. Found 2 repository interfaces.
2020-01-01 00:30:00.830  INFO 38256 --- [    Test worker] trationDelegate$BeanPostProcessorChecker : Bean 'org.springframework.transaction.annotation.ProxyTransactionManagementConfiguration' of type [org.springframework.transaction.annotation.ProxyTransactionManagementConfiguration$$EnhancerBySpringCGLIB$$401a2503] is not eligible for getting processed by all BeanPostProcessors (for example: not eligible for auto-proxying)
2020-01-01 00:30:01.114  INFO 38256 --- [    Test worker] o.s.b.w.embedded.tomcat.TomcatWebServer  : Tomcat initialized with port(s): 0 (http)
2020-01-01 00:30:01.141  INFO 38256 --- [    Test worker] o.apache.catalina.core.StandardService   : Starting service [Tomcat]
2020-01-01 00:30:01.142  INFO 38256 --- [    Test worker] org.apache.catalina.core.StandardEngine  : Starting Servlet engine: [Apache Tomcat/9.0.22]
2020-01-01 00:30:01.247  INFO 38256 --- [    Test worker] o.a.c.c.C.[Tomcat].[localhost].[/]       : Initializing Spring embedded WebApplicationContext
2020-01-01 00:30:01.247  INFO 38256 --- [    Test worker] o.s.web.context.ContextLoader            : Root WebApplicationContext: initialization completed in 1063 ms
2020-01-01 00:30:01.522  INFO 38256 --- [    Test worker] com.zaxxer.hikari.HikariDataSource       : HikariPool-1 - Starting...
2020-01-01 00:30:01.686  INFO 38256 --- [    Test worker] com.zaxxer.hikari.HikariDataSource       : HikariPool-1 - Start completed.
2020-01-01 00:30:01.800  INFO 38256 --- [    Test worker] o.hibernate.jpa.internal.util.LogHelper  : HHH000204: Processing PersistenceUnitInfo [
	name: default
	...]
2020-01-01 00:30:01.900  INFO 38256 --- [    Test worker] org.hibernate.Version                    : HHH000412: Hibernate Core {5.3.10.Final}
2020-01-01 00:30:01.902  INFO 38256 --- [    Test worker] org.hibernate.cfg.Environment            : HHH000206: hibernate.properties not found
2020-01-01 00:30:01.953  INFO 38256 --- [    Test worker] o.hibernate.annotations.common.Version   : HCANN000001: Hibernate Commons Annotations {5.0.4.Final}
2020-01-01 00:30:02.099  INFO 38256 --- [    Test worker] org.hibernate.dialect.Dialect            : HHH000400: Using dialect: org.hibernate.dialect.MySQL5InnoDBDialect
Hibernate: drop table if exists posts
Hibernate: drop table if exists user
Hibernate: create table posts (id bigint not null auto_increment, created_date datetime, modified_date datetime, author varchar(255), content TEXT not null, title varchar(500) not null, primary key (id)) engine=InnoDB
Hibernate: create table user (id bigint not null auto_increment, created_date datetime, modified_date datetime, email varchar(255) not null, name varchar(255) not null, picture varchar(255), role varchar(255), primary key (id)) engine=InnoDB
2020-01-01 00:30:02.907  INFO 38256 --- [    Test worker] o.h.t.schema.internal.SchemaCreatorImpl  : HHH000476: Executing import script 'org.hibernate.tool.schema.internal.exec.ScriptSourceInputNonExistentImpl@3a03da0f'
2020-01-01 00:30:02.914  INFO 38256 --- [    Test worker] j.LocalContainerEntityManagerFactoryBean : Initialized JPA EntityManagerFactory for persistence unit 'default'
2020-01-01 00:30:03.519  INFO 38256 --- [    Test worker] o.h.h.i.QueryTranslatorFactoryInitiator  : HHH000397: Using ASTQueryTranslatorFactory
2020-01-01 00:30:03.902  INFO 38256 --- [    Test worker] o.s.s.web.DefaultSecurityFilterChain     : Creating filter chain: any request, [org.springframework.security.web.context.request.async.WebAsyncManagerIntegrationFilter@cd89b25, org.springframework.security.web.context.SecurityContextPersistenceFilter@4a3747, org.springframework.security.web.header.HeaderWriterFilter@4182eae8, org.springframework.security.web.authentication.logout.LogoutFilter@5c220025, org.springframework.security.oauth2.client.web.OAuth2AuthorizationRequestRedirectFilter@1580a68b, org.springframework.security.oauth2.client.web.OAuth2LoginAuthenticationFilter@3ef88820, org.springframework.security.web.authentication.ui.DefaultLoginPageGeneratingFilter@d83fedd, org.springframework.security.web.authentication.ui.DefaultLogoutPageGeneratingFilter@1b70368c, org.springframework.security.web.savedrequest.RequestCacheAwareFilter@21e240f2, org.springframework.security.web.servletapi.SecurityContextHolderAwareRequestFilter@77e12b8c, org.springframework.security.web.authentication.AnonymousAuthenticationFilter@6133144a, org.springframework.security.web.session.SessionManagementFilter@6783b36e, org.springframework.security.web.access.ExceptionTranslationFilter@5a7f6ec2, org.springframework.security.web.access.intercept.FilterSecurityInterceptor@6a3d79b2]
2020-01-01 00:30:04.096  INFO 38256 --- [    Test worker] o.s.s.concurrent.ThreadPoolTaskExecutor  : Initializing ExecutorService 'applicationTaskExecutor'
2020-01-01 00:30:04.111  WARN 38256 --- [    Test worker] aWebConfiguration$JpaWebMvcConfiguration : spring.jpa.open-in-view is enabled by default. Therefore, database queries may be performed during view rendering. Explicitly configure spring.jpa.open-in-view to disable this warning
2020-01-01 00:30:04.145  INFO 38256 --- [    Test worker] o.s.b.a.w.s.WelcomePageHandlerMapping    : Adding welcome page template: index
2020-01-01 00:30:04.444  INFO 38256 --- [    Test worker] s.a.ScheduledAnnotationBeanPostProcessor : No TaskScheduler/ScheduledExecutorService bean found for scheduled processing
2020-01-01 00:30:04.471  INFO 38256 --- [    Test worker] o.s.b.w.embedded.tomcat.TomcatWebServer  : Tomcat started on port(s): 61526 (http) with context path ''
2020-01-01 00:30:04.472  INFO 38256 --- [    Test worker] c.k.b.s.web.IndexControllerTest          : Started IndexControllerTest in 4.326 seconds (JVM running for 7.818)
2020-01-01 00:30:04.566  INFO 38256 --- [o-auto-1-exec-1] o.a.c.c.C.[Tomcat].[localhost].[/]       : Initializing Spring DispatcherServlet 'dispatcherServlet'
2020-01-01 00:30:04.567  INFO 38256 --- [o-auto-1-exec-1] o.s.web.servlet.DispatcherServlet        : Initializing Servlet 'dispatcherServlet'
2020-01-01 00:30:04.584  INFO 38256 --- [o-auto-1-exec-1] o.s.web.servlet.DispatcherServlet        : Completed initialization in 17 ms
Hibernate: select posts0_.id as id1_0_, posts0_.created_date as created_2_0_, posts0_.modified_date as modified3_0_, posts0_.author as author4_0_, posts0_.content as content5_0_, posts0_.title as title6_0_ from posts posts0_ order by posts0_.id DESC
]]></system-out>
  <system-err><![CDATA[]]></system-err>
</testsuite>
